# JRE version: OpenJDK Runtime Environment (11.0.10) (build 11.0.10+0-b96-7249189)
# Java VM: OpenJDK 64-Bit Server VM (11.0.10+0-b96-7249189, mixed mode, tiered, compressed oops, g1 gc, windows-amd64)
Heap:
 garbage-first heap   total 187392K, used 77396K [0x0000000083a00000, 0x0000000100000000)
  region size 1024K, 20 young (20480K), 10 survivors (10240K)
 Metaspace       used 72617K, capacity 73525K, committed 73688K, reserved 1114112K
  class space    used 8048K, capacity 8416K, committed 8448K, reserved 1048576K
GC Heap History (20 events):
Event: 2.686 GC heap before
{Heap before GC invocations=1 (full 0):
 garbage-first heap   total 129024K, used 40586K [0x0000000083a00000, 0x0000000100000000)
  region size 1024K, 38 young (38912K), 3 survivors (3072K)
 Metaspace       used 20870K, capacity 21075K, committed 21248K, reserved 1069056K
  class space    used 2207K, capacity 2287K, committed 2304K, reserved 1048576K
}
Event: 2.705 GC heap after
{Heap after GC invocations=2 (full 0):
 garbage-first heap   total 129024K, used 9232K [0x0000000083a00000, 0x0000000100000000)
  region size 1024K, 7 young (7168K), 7 survivors (7168K)
 Metaspace       used 20870K, capacity 21075K, committed 21248K, reserved 1069056K
  class space    used 2207K, capacity 2287K, committed 2304K, reserved 1048576K
}
Event: 5.471 GC heap before
{Heap before GC invocations=3 (full 0):
 garbage-first heap   total 129024K, used 63504K [0x0000000083a00000, 0x0000000100000000)
  region size 1024K, 55 young (56320K), 7 survivors (7168K)
 Metaspace       used 30976K, capacity 31431K, committed 31616K, reserved 1077248K
  class space    used 3704K, capacity 3901K, committed 3968K, reserved 1048576K
}
Event: 5.503 GC heap after
{Heap after GC invocations=4 (full 0):
 garbage-first heap   total 129024K, used 21504K [0x0000000083a00000, 0x0000000100000000)
  region size 1024K, 7 young (7168K), 7 survivors (7168K)
 Metaspace       used 30976K, capacity 31431K, committed 31616K, reserved 1077248K
  class space    used 3704K, capacity 3901K, committed 3968K, reserved 1048576K
}
Event: 6.319 GC heap before
{Heap before GC invocations=4 (full 0):
 garbage-first heap   total 129024K, used 40960K [0x0000000083a00000, 0x0000000100000000)
  region size 1024K, 27 young (27648K), 7 survivors (7168K)
 Metaspace       used 34988K, capacity 35443K, committed 35584K, reserved 1081344K
  class space    used 4365K, capacity 4576K, committed 4608K, reserved 1048576K
}
Event: 6.355 GC heap after
{Heap after GC invocations=5 (full 0):
 garbage-first heap   total 129024K, used 24354K [0x0000000083a00000, 0x0000000100000000)
  region size 1024K, 3 young (3072K), 3 survivors (3072K)
 Metaspace       used 34988K, capacity 35443K, committed 35584K, reserved 1081344K
  class space    used 4365K, capacity 4576K, committed 4608K, reserved 1048576K
}
Event: 8.434 GC heap before
{Heap before GC invocations=6 (full 0):
 garbage-first heap   total 129024K, used 71458K [0x0000000083a00000, 0x0000000100000000)
  region size 1024K, 49 young (50176K), 3 survivors (3072K)
 Metaspace       used 44934K, capacity 45529K, committed 45824K, reserved 1089536K
  class space    used 5365K, capacity 5583K, committed 5632K, reserved 1048576K
}
Event: 8.451 GC heap after
{Heap after GC invocations=7 (full 0):
 garbage-first heap   total 129024K, used 26483K [0x0000000083a00000, 0x0000000100000000)
  region size 1024K, 7 young (7168K), 7 survivors (7168K)
 Metaspace       used 44934K, capacity 45529K, committed 45824K, reserved 1089536K
  class space    used 5365K, capacity 5583K, committed 5632K, reserved 1048576K
}
Event: 10.416 GC heap before
{Heap before GC invocations=7 (full 0):
 garbage-first heap   total 129024K, used 79731K [0x0000000083a00000, 0x0000000100000000)
  region size 1024K, 56 young (57344K), 7 survivors (7168K)
 Metaspace       used 48299K, capacity 48928K, committed 49024K, reserved 1091584K
  class space    used 5712K, capacity 5949K, committed 6016K, reserved 1048576K
}
Event: 10.448 GC heap after
{Heap after GC invocations=8 (full 0):
 garbage-first heap   total 155648K, used 33186K [0x0000000083a00000, 0x0000000100000000)
  region size 1024K, 5 young (5120K), 5 survivors (5120K)
 Metaspace       used 48299K, capacity 48928K, committed 49024K, reserved 1091584K
  class space    used 5712K, capacity 5949K, committed 6016K, reserved 1048576K
}
Event: 14.275 GC heap before
{Heap before GC invocations=8 (full 0):
 garbage-first heap   total 155648K, used 89506K [0x0000000083a00000, 0x0000000100000000)
  region size 1024K, 60 young (61440K), 5 survivors (5120K)
 Metaspace       used 51685K, capacity 52333K, committed 52608K, reserved 1095680K
  class space    used 5920K, capacity 6158K, committed 6272K, reserved 1048576K
}
Event: 14.318 GC heap after
{Heap after GC invocations=9 (full 0):
 garbage-first heap   total 155648K, used 44032K [0x0000000083a00000, 0x0000000100000000)
  region size 1024K, 8 young (8192K), 8 survivors (8192K)
 Metaspace       used 51685K, capacity 52333K, committed 52608K, reserved 1095680K
  class space    used 5920K, capacity 6158K, committed 6272K, reserved 1048576K
}
Event: 18.089 GC heap before
{Heap before GC invocations=9 (full 0):
 garbage-first heap   total 155648K, used 100352K [0x0000000083a00000, 0x0000000100000000)
  region size 1024K, 63 young (64512K), 8 survivors (8192K)
 Metaspace       used 55957K, capacity 56633K, committed 56960K, reserved 1099776K
  class space    used 6393K, capacity 6674K, committed 6784K, reserved 1048576K
}
Event: 18.139 GC heap after
{Heap after GC invocations=10 (full 0):
 garbage-first heap   total 155648K, used 51164K [0x0000000083a00000, 0x0000000100000000)
  region size 1024K, 7 young (7168K), 7 survivors (7168K)
 Metaspace       used 55957K, capacity 56633K, committed 56960K, reserved 1099776K
  class space    used 6393K, capacity 6674K, committed 6784K, reserved 1048576K
}
Event: 20.155 GC heap before
{Heap before GC invocations=10 (full 0):
 garbage-first heap   total 155648K, used 77788K [0x0000000083a00000, 0x0000000100000000)
  region size 1024K, 33 young (33792K), 7 survivors (7168K)
 Metaspace       used 58894K, capacity 59642K, committed 59736K, reserved 1101824K
  class space    used 6675K, capacity 6994K, committed 7040K, reserved 1048576K
}
Event: 20.185 GC heap after
{Heap after GC invocations=11 (full 0):
 garbage-first heap   total 155648K, used 55233K [0x0000000083a00000, 0x0000000100000000)
  region size 1024K, 4 young (4096K), 4 survivors (4096K)
 Metaspace       used 58894K, capacity 59642K, committed 59736K, reserved 1101824K
  class space    used 6675K, capacity 6994K, committed 7040K, reserved 1048576K
}
Event: 26.371 GC heap before
{Heap before GC invocations=12 (full 0):
 garbage-first heap   total 155648K, used 111553K [0x0000000083a00000, 0x0000000100000000)
  region size 1024K, 59 young (60416K), 4 survivors (4096K)
 Metaspace       used 65399K, capacity 66293K, committed 66648K, reserved 1107968K
  class space    used 7352K, capacity 7685K, committed 7808K, reserved 1048576K
}
Event: 26.413 GC heap after
{Heap after GC invocations=13 (full 0):
 garbage-first heap   total 187392K, used 61440K [0x0000000083a00000, 0x0000000100000000)
  region size 1024K, 8 young (8192K), 8 survivors (8192K)
 Metaspace       used 65399K, capacity 66293K, committed 66648K, reserved 1107968K
  class space    used 7352K, capacity 7685K, committed 7808K, reserved 1048576K
}
Event: 36.247 GC heap before
{Heap before GC invocations=14 (full 0):
 garbage-first heap   total 187392K, used 128000K [0x0000000083a00000, 0x0000000100000000)
  region size 1024K, 73 young (74752K), 8 survivors (8192K)
 Metaspace       used 71931K, capacity 72853K, committed 73048K, reserved 1114112K
  class space    used 7972K, capacity 8320K, committed 8320K, reserved 1048576K
}
Event: 36.290 GC heap after
{Heap after GC invocations=15 (full 0):
 garbage-first heap   total 187392K, used 68180K [0x0000000083a00000, 0x0000000100000000)
  region size 1024K, 10 young (10240K), 10 survivors (10240K)
 Metaspace       used 71931K, capacity 72853K, committed 73048K, reserved 1114112K
  class space    used 7972K, capacity 8320K, committed 8320K, reserved 1048576K
}

